[13:32:16.96] Starting Phase 1 Upgrade 
Python OK 
Node.js OK 
Installing Python packages... 
Requirement already satisfied: cryptography==38.0.4 in c:\users\user\appdata\local\programs\python\python311\lib\site-packages (38.0.4)
Requirement already satisfied: argon2-cffi==21.3.0 in c:\users\user\appdata\local\programs\python\python311\lib\site-packages (21.3.0)
Requirement already satisfied: python-jose==3.3.0 in c:\users\user\appdata\local\programs\python\python311\lib\site-packages (3.3.0)
Requirement already satisfied: passlib==1.7.4 in c:\users\user\appdata\local\programs\python\python311\lib\site-packages (1.7.4)
Requirement already satisfied: bcrypt==4.0.1 in c:\users\user\appdata\local\programs\python\python311\lib\site-packages (4.0.1)
Requirement already satisfied: cffi>=1.12 in c:\users\user\appdata\local\programs\python\python311\lib\site-packages (from cryptography==38.0.4) (2.0.0)
Requirement already satisfied: argon2-cffi-bindings in c:\users\user\appdata\local\programs\python\python311\lib\site-packages (from argon2-cffi==21.3.0) (25.1.0)
Requirement already satisfied: ecdsa!=0.15 in c:\users\user\appdata\local\programs\python\python311\lib\site-packages (from python-jose==3.3.0) (0.19.1)
Requirement already satisfied: rsa in c:\users\user\appdata\local\programs\python\python311\lib\site-packages (from python-jose==3.3.0) (4.7.2)
Requirement already satisfied: pyasn1 in c:\users\user\appdata\local\programs\python\python311\lib\site-packages (from python-jose==3.3.0) (0.6.1)
Requirement already satisfied: pycparser in c:\users\user\appdata\local\programs\python\python311\lib\site-packages (from cffi>=1.12->cryptography==38.0.4) (2.23)
Requirement already satisfied: six>=1.9.0 in c:\users\user\appdata\local\programs\python\python311\lib\site-packages (from ecdsa!=0.15->python-jose==3.3.0) (1.17.0)
Requirement already satisfied: redis in c:\users\user\appdata\local\programs\python\python311\lib\site-packages (5.0.1)
Requirement already satisfied: hiredis in c:\users\user\appdata\local\programs\python\python311\lib\site-packages (3.3.0)
Requirement already satisfied: psycopg2-binary in c:\users\user\appdata\local\programs\python\python311\lib\site-packages (2.9.11)
Requirement already satisfied: django-redis in c:\users\user\appdata\local\programs\python\python311\lib\site-packages (6.0.0)
Requirement already satisfied: Django>=4.2 in c:\users\user\appdata\local\programs\python\python311\lib\site-packages (from django-redis) (5.2.7)
Requirement already satisfied: asgiref>=3.8.1 in c:\users\user\appdata\local\programs\python\python311\lib\site-packages (from Django>=4.2->django-redis) (3.10.0)
Requirement already satisfied: sqlparse>=0.3.1 in c:\users\user\appdata\local\programs\python\python311\lib\site-packages (from Django>=4.2->django-redis) (0.5.3)
Requirement already satisfied: tzdata in c:\users\user\appdata\local\programs\python\python311\lib\site-packages (from Django>=4.2->django-redis) (2025.2)
Collecting tensorflow==2.12.0
  Using cached tensorflow-2.12.0-cp311-cp311-win_amd64.whl.metadata (2.5 kB)
Collecting torch==2.0.1
  Using cached torch-2.0.1-cp311-cp311-win_amd64.whl.metadata (24 kB)
Collecting torchvision==0.15.2
  Using cached torchvision-0.15.2-cp311-cp311-win_amd64.whl.metadata (11 kB)
Collecting ultralytics==8.0.100
  Using cached ultralytics-8.0.100-py3-none-any.whl.metadata (26 kB)
Requirement already satisfied: opencv-python in c:\users\user\appdata\local\programs\python\python311\lib\site-packages (4.12.0.88)
Requirement already satisfied: scikit-learn in c:\users\user\appdata\local\programs\python\python311\lib\site-packages (1.7.2)
Collecting tensorflow-intel==2.12.0 (from tensorflow==2.12.0)
  Using cached tensorflow_intel-2.12.0-cp311-cp311-win_amd64.whl.metadata (4.1 kB)
Requirement already satisfied: filelock in c:\users\user\appdata\local\programs\python\python311\lib\site-packages (from torch==2.0.1) (3.20.0)
Requirement already satisfied: typing-extensions in c:\users\user\appdata\local\programs\python\python311\lib\site-packages (from torch==2.0.1) (4.15.0)
Collecting sympy (from torch==2.0.1)
  Using cached sympy-1.14.0-py3-none-any.whl.metadata (12 kB)
Collecting networkx (from torch==2.0.1)
  Using cached networkx-3.5-py3-none-any.whl.metadata (6.3 kB)
Requirement already satisfied: jinja2 in c:\users\user\appdata\local\programs\python\python311\lib\site-packages (from torch==2.0.1) (3.1.6)
Requirement already satisfied: numpy in c:\users\user\appdata\local\programs\python\python311\lib\site-packages (from torchvision==0.15.2) (2.2.6)
Requirement already satisfied: requests in c:\users\user\appdata\local\programs\python\python311\lib\site-packages (from torchvision==0.15.2) (2.32.4)
Requirement already satisfied: pillow!=8.3.*,>=5.3.0 in c:\users\user\appdata\local\programs\python\python311\lib\site-packages (from torchvision==0.15.2) (11.3.0)
Requirement already satisfied: matplotlib>=3.2.2 in c:\users\user\appdata\local\programs\python\python311\lib\site-packages (from ultralytics==8.0.100) (3.10.7)
Requirement already satisfied: PyYAML>=5.3.1 in c:\users\user\appdata\local\programs\python\python311\lib\site-packages (from ultralytics==8.0.100) (6.0.3)
Requirement already satisfied: scipy>=1.4.1 in c:\users\user\appdata\local\programs\python\python311\lib\site-packages (from ultralytics==8.0.100) (1.16.2)
Collecting tqdm>=4.64.0 (from ultralytics==8.0.100)
  Using cached tqdm-4.67.1-py3-none-any.whl.metadata (57 kB)
Requirement already satisfied: pandas>=1.1.4 in c:\users\user\appdata\local\programs\python\python311\lib\site-packages (from ultralytics==8.0.100) (2.3.3)
Collecting seaborn>=0.11.0 (from ultralytics==8.0.100)
  Using cached seaborn-0.13.2-py3-none-any.whl.metadata (5.4 kB)
Requirement already satisfied: psutil in c:\users\user\appdata\local\programs\python\python311\lib\site-packages (from ultralytics==8.0.100) (7.1.2)
Collecting thop>=0.1.1 (from ultralytics==8.0.100)
  Using cached thop-0.1.1.post2209072238-py3-none-any.whl.metadata (2.7 kB)
Collecting sentry-sdk (from ultralytics==8.0.100)
  Using cached sentry_sdk-2.43.0-py2.py3-none-any.whl.metadata (10 kB)
Requirement already satisfied: absl-py>=1.0.0 in c:\users\user\appdata\local\programs\python\python311\lib\site-packages (from tensorflow-intel==2.12.0->tensorflow==2.12.0) (2.3.1)
Requirement already satisfied: astunparse>=1.6.0 in c:\users\user\appdata\local\programs\python\python311\lib\site-packages (from tensorflow-intel==2.12.0->tensorflow==2.12.0) (1.6.3)
Requirement already satisfied: flatbuffers>=2.0 in c:\users\user\appdata\local\programs\python\python311\lib\site-packages (from tensorflow-intel==2.12.0->tensorflow==2.12.0) (25.9.23)
Collecting gast<=0.4.0,>=0.2.1 (from tensorflow-intel==2.12.0->tensorflow==2.12.0)
  Using cached gast-0.4.0-py3-none-any.whl.metadata (1.1 kB)
Requirement already satisfied: google-pasta>=0.1.1 in c:\users\user\appdata\local\programs\python\python311\lib\site-packages (from tensorflow-intel==2.12.0->tensorflow==2.12.0) (0.2.0)
Requirement already satisfied: h5py>=2.9.0 in c:\users\user\appdata\local\programs\python\python311\lib\site-packages (from tensorflow-intel==2.12.0->tensorflow==2.12.0) (3.15.1)
Collecting jax>=0.3.15 (from tensorflow-intel==2.12.0->tensorflow==2.12.0)
  Using cached jax-0.8.0-py3-none-any.whl.metadata (13 kB)
Requirement already satisfied: libclang>=13.0.0 in c:\users\user\appdata\local\programs\python\python311\lib\site-packages (from tensorflow-intel==2.12.0->tensorflow==2.12.0) (18.1.1)
Collecting numpy (from torchvision==0.15.2)
  Using cached numpy-1.23.5-cp311-cp311-win_amd64.whl.metadata (2.3 kB)
Requirement already satisfied: opt-einsum>=2.3.2 in c:\users\user\appdata\local\programs\python\python311\lib\site-packages (from tensorflow-intel==2.12.0->tensorflow==2.12.0) (3.4.0)
Requirement already satisfied: packaging in c:\users\user\appdata\local\programs\python\python311\lib\site-packages (from tensorflow-intel==2.12.0->tensorflow==2.12.0) (25.0)
Collecting protobuf!=4.21.0,!=4.21.1,!=4.21.2,!=4.21.3,!=4.21.4,!=4.21.5,<5.0.0dev,>=3.20.3 (from tensorflow-intel==2.12.0->tensorflow==2.12.0)
  Using cached protobuf-4.25.8-cp310-abi3-win_amd64.whl.metadata (541 bytes)
Requirement already satisfied: setuptools in c:\users\user\appdata\local\programs\python\python311\lib\site-packages (from tensorflow-intel==2.12.0->tensorflow==2.12.0) (80.9.0)
Requirement already satisfied: six>=1.12.0 in c:\users\user\appdata\local\programs\python\python311\lib\site-packages (from tensorflow-intel==2.12.0->tensorflow==2.12.0) (1.17.0)
Requirement already satisfied: termcolor>=1.1.0 in c:\users\user\appdata\local\programs\python\python311\lib\site-packages (from tensorflow-intel==2.12.0->tensorflow==2.12.0) (3.2.0)
Collecting wrapt<1.15,>=1.11.0 (from tensorflow-intel==2.12.0->tensorflow==2.12.0)
  Using cached wrapt-1.14.2-cp311-cp311-win_amd64.whl.metadata (6.6 kB)
Requirement already satisfied: grpcio<2.0,>=1.24.3 in c:\users\user\appdata\local\programs\python\python311\lib\site-packages (from tensorflow-intel==2.12.0->tensorflow==2.12.0) (1.76.0)
Collecting tensorboard<2.13,>=2.12 (from tensorflow-intel==2.12.0->tensorflow==2.12.0)
  Using cached tensorboard-2.12.3-py3-none-any.whl.metadata (1.8 kB)
Collecting tensorflow-estimator<2.13,>=2.12.0 (from tensorflow-intel==2.12.0->tensorflow==2.12.0)
  Using cached tensorflow_estimator-2.12.0-py2.py3-none-any.whl.metadata (1.3 kB)
Collecting keras<2.13,>=2.12.0 (from tensorflow-intel==2.12.0->tensorflow==2.12.0)
  Using cached keras-2.12.0-py2.py3-none-any.whl.metadata (1.4 kB)
Collecting tensorflow-io-gcs-filesystem>=0.23.1 (from tensorflow-intel==2.12.0->tensorflow==2.12.0)
  Using cached tensorflow_io_gcs_filesystem-0.31.0-cp311-cp311-win_amd64.whl.metadata (14 kB)
Collecting google-auth<3,>=1.6.3 (from tensorboard<2.13,>=2.12->tensorflow-intel==2.12.0->tensorflow==2.12.0)
  Using cached google_auth-2.42.1-py2.py3-none-any.whl.metadata (6.6 kB)
Collecting google-auth-oauthlib<1.1,>=0.5 (from tensorboard<2.13,>=2.12->tensorflow-intel==2.12.0->tensorflow==2.12.0)
  Using cached google_auth_oauthlib-1.0.0-py2.py3-none-any.whl.metadata (2.7 kB)
Requirement already satisfied: markdown>=2.6.8 in c:\users\user\appdata\local\programs\python\python311\lib\site-packages (from tensorboard<2.13,>=2.12->tensorflow-intel==2.12.0->tensorflow==2.12.0) (3.9)
Requirement already satisfied: tensorboard-data-server<0.8.0,>=0.7.0 in c:\users\user\appdata\local\programs\python\python311\lib\site-packages (from tensorboard<2.13,>=2.12->tensorflow-intel==2.12.0->tensorflow==2.12.0) (0.7.2)
Requirement already satisfied: werkzeug>=1.0.1 in c:\users\user\appdata\local\programs\python\python311\lib\site-packages (from tensorboard<2.13,>=2.12->tensorflow-intel==2.12.0->tensorflow==2.12.0) (3.1.3)
Requirement already satisfied: wheel>=0.26 in c:\users\user\appdata\local\programs\python\python311\lib\site-packages (from tensorboard<2.13,>=2.12->tensorflow-intel==2.12.0->tensorflow==2.12.0) (0.45.1)
Requirement already satisfied: cachetools<7.0,>=2.0.0 in c:\users\user\appdata\local\programs\python\python311\lib\site-packages (from google-auth<3,>=1.6.3->tensorboard<2.13,>=2.12->tensorflow-intel==2.12.0->tensorflow==2.12.0) (6.2.1)
Collecting pyasn1-modules>=0.2.1 (from google-auth<3,>=1.6.3->tensorboard<2.13,>=2.12->tensorflow-intel==2.12.0->tensorflow==2.12.0)
  Using cached pyasn1_modules-0.4.2-py3-none-any.whl.metadata (3.5 kB)
Requirement already satisfied: rsa<5,>=3.1.4 in c:\users\user\appdata\local\programs\python\python311\lib\site-packages (from google-auth<3,>=1.6.3->tensorboard<2.13,>=2.12->tensorflow-intel==2.12.0->tensorflow==2.12.0) (4.7.2)
Collecting requests-oauthlib>=0.7.0 (from google-auth-oauthlib<1.1,>=0.5->tensorboard<2.13,>=2.12->tensorflow-intel==2.12.0->tensorflow==2.12.0)
  Using cached requests_oauthlib-2.0.0-py2.py3-none-any.whl.metadata (11 kB)
Requirement already satisfied: charset_normalizer<4,>=2 in c:\users\user\appdata\local\programs\python\python311\lib\site-packages (from requests->torchvision==0.15.2) (3.4.2)
Requirement already satisfied: idna<4,>=2.5 in c:\users\user\appdata\local\programs\python\python311\lib\site-packages (from requests->torchvision==0.15.2) (3.10)
Requirement already satisfied: urllib3<3,>=1.21.1 in c:\users\user\appdata\local\programs\python\python311\lib\site-packages (from requests->torchvision==0.15.2) (2.5.0)
Requirement already satisfied: certifi>=2017.4.17 in c:\users\user\appdata\local\programs\python\python311\lib\site-packages (from requests->torchvision==0.15.2) (2025.7.14)
Requirement already satisfied: pyasn1>=0.1.3 in c:\users\user\appdata\local\programs\python\python311\lib\site-packages (from rsa<5,>=3.1.4->google-auth<3,>=1.6.3->tensorboard<2.13,>=2.12->tensorflow-intel==2.12.0->tensorflow==2.12.0) (0.6.1)
INFO: pip is looking at multiple versions of opencv-python to determine which version is compatible with other requirements. This could take a while.
Collecting opencv-python
  Using cached opencv_python-4.11.0.86-cp37-abi3-win_amd64.whl.metadata (20 kB)
Requirement already satisfied: joblib>=1.2.0 in c:\users\user\appdata\local\programs\python\python311\lib\site-packages (from scikit-learn) (1.5.2)
Requirement already satisfied: threadpoolctl>=3.1.0 in c:\users\user\appdata\local\programs\python\python311\lib\site-packages (from scikit-learn) (3.6.0)
Collecting jaxlib<=0.8.0,>=0.8.0 (from jax>=0.3.15->tensorflow-intel==2.12.0->tensorflow==2.12.0)
  Using cached jaxlib-0.8.0-cp311-cp311-win_amd64.whl.metadata (1.4 kB)
Requirement already satisfied: ml_dtypes>=0.5.0 in c:\users\user\appdata\local\programs\python\python311\lib\site-packages (from jax>=0.3.15->tensorflow-intel==2.12.0->tensorflow==2.12.0) (0.5.3)
INFO: pip is looking at multiple versions of jax to determine which version is compatible with other requirements. This could take a while.
Collecting jax>=0.3.15 (from tensorflow-intel==2.12.0->tensorflow==2.12.0)
  Using cached jax-0.7.2-py3-none-any.whl.metadata (13 kB)
Collecting jaxlib<=0.7.2,>=0.7.2 (from jax>=0.3.15->tensorflow-intel==2.12.0->tensorflow==2.12.0)
  Using cached jaxlib-0.7.2-cp311-cp311-win_amd64.whl.metadata (1.4 kB)
Collecting jax>=0.3.15 (from tensorflow-intel==2.12.0->tensorflow==2.12.0)
  Using cached jax-0.7.1-py3-none-any.whl.metadata (13 kB)
Collecting jaxlib<=0.7.1,>=0.7.1 (from jax>=0.3.15->tensorflow-intel==2.12.0->tensorflow==2.12.0)
  Using cached jaxlib-0.7.1-cp311-cp311-win_amd64.whl.metadata (1.3 kB)
Collecting jax>=0.3.15 (from tensorflow-intel==2.12.0->tensorflow==2.12.0)
  Using cached jax-0.7.0-py3-none-any.whl.metadata (13 kB)
Collecting jaxlib<=0.7.0,>=0.7.0 (from jax>=0.3.15->tensorflow-intel==2.12.0->tensorflow==2.12.0)
  Using cached jaxlib-0.7.0-cp311-cp311-win_amd64.whl.metadata (1.3 kB)
Collecting jax>=0.3.15 (from tensorflow-intel==2.12.0->tensorflow==2.12.0)
  Using cached jax-0.6.2-py3-none-any.whl.metadata (13 kB)
Collecting jaxlib<=0.6.2,>=0.6.2 (from jax>=0.3.15->tensorflow-intel==2.12.0->tensorflow==2.12.0)
  Using cached jaxlib-0.6.2-cp311-cp311-win_amd64.whl.metadata (1.4 kB)
Collecting jax>=0.3.15 (from tensorflow-intel==2.12.0->tensorflow==2.12.0)
  Using cached jax-0.6.1-py3-none-any.whl.metadata (13 kB)
Collecting jaxlib<=0.6.1,>=0.6.1 (from jax>=0.3.15->tensorflow-intel==2.12.0->tensorflow==2.12.0)
  Using cached jaxlib-0.6.1-cp311-cp311-win_amd64.whl.metadata (1.2 kB)
Collecting jax>=0.3.15 (from tensorflow-intel==2.12.0->tensorflow==2.12.0)
  Using cached jax-0.6.0-py3-none-any.whl.metadata (22 kB)
Collecting jaxlib<=0.6.0,>=0.6.0 (from jax>=0.3.15->tensorflow-intel==2.12.0->tensorflow==2.12.0)
  Using cached jaxlib-0.6.0-cp311-cp311-win_amd64.whl.metadata (1.2 kB)
Collecting jax>=0.3.15 (from tensorflow-intel==2.12.0->tensorflow==2.12.0)
  Using cached jax-0.5.3-py3-none-any.whl.metadata (22 kB)
Collecting jaxlib<=0.5.3,>=0.5.3 (from jax>=0.3.15->tensorflow-intel==2.12.0->tensorflow==2.12.0)
  Using cached jaxlib-0.5.3-cp311-cp311-win_amd64.whl.metadata (1.2 kB)
INFO: pip is still looking at multiple versions of jax to determine which version is compatible with other requirements. This could take a while.
Collecting jax>=0.3.15 (from tensorflow-intel==2.12.0->tensorflow==2.12.0)
  Using cached jax-0.5.2-py3-none-any.whl.metadata (22 kB)
Collecting jaxlib<=0.5.2,>=0.5.1 (from jax>=0.3.15->tensorflow-intel==2.12.0->tensorflow==2.12.0)
  Using cached jaxlib-0.5.1-cp311-cp311-win_amd64.whl.metadata (1.0 kB)
Collecting jax>=0.3.15 (from tensorflow-intel==2.12.0->tensorflow==2.12.0)
  Using cached jax-0.5.1-py3-none-any.whl.metadata (22 kB)
  Using cached jax-0.5.0-py3-none-any.whl.metadata (22 kB)
Collecting jaxlib<=0.5.0,>=0.5.0 (from jax>=0.3.15->tensorflow-intel==2.12.0->tensorflow==2.12.0)
  Using cached jaxlib-0.5.0-cp311-cp311-win_amd64.whl.metadata (1.0 kB)
Collecting jax>=0.3.15 (from tensorflow-intel==2.12.0->tensorflow==2.12.0)
  Using cached jax-0.4.38-py3-none-any.whl.metadata (22 kB)
Collecting jaxlib<=0.4.38,>=0.4.38 (from jax>=0.3.15->tensorflow-intel==2.12.0->tensorflow==2.12.0)
  Using cached jaxlib-0.4.38-cp311-cp311-win_amd64.whl.metadata (1.1 kB)
Collecting jax>=0.3.15 (from tensorflow-intel==2.12.0->tensorflow==2.12.0)
  Using cached jax-0.4.37-py3-none-any.whl.metadata (22 kB)
Collecting jaxlib<=0.4.37,>=0.4.36 (from jax>=0.3.15->tensorflow-intel==2.12.0->tensorflow==2.12.0)
  Using cached jaxlib-0.4.36-cp311-cp311-win_amd64.whl.metadata (1.1 kB)
INFO: This is taking longer than usual. You might need to provide the dependency resolver with stricter constraints to reduce runtime. See https://pip.pypa.io/warnings/backtracking for guidance. If you want to abort this run, press Ctrl + C.
Collecting jax>=0.3.15 (from tensorflow-intel==2.12.0->tensorflow==2.12.0)
  Using cached jax-0.4.36-py3-none-any.whl.metadata (22 kB)
  Using cached jax-0.4.35-py3-none-any.whl.metadata (22 kB)
Collecting jaxlib<=0.4.35,>=0.4.34 (from jax>=0.3.15->tensorflow-intel==2.12.0->tensorflow==2.12.0)
  Using cached jaxlib-0.4.35-cp311-cp311-win_amd64.whl.metadata (1.0 kB)
Collecting jax>=0.3.15 (from tensorflow-intel==2.12.0->tensorflow==2.12.0)
  Using cached jax-0.4.34-py3-none-any.whl.metadata (22 kB)
Collecting jaxlib<=0.4.34,>=0.4.34 (from jax>=0.3.15->tensorflow-intel==2.12.0->tensorflow==2.12.0)
  Using cached jaxlib-0.4.34-cp311-cp311-win_amd64.whl.metadata (1.0 kB)
Collecting jax>=0.3.15 (from tensorflow-intel==2.12.0->tensorflow==2.12.0)
  Using cached jax-0.4.33-py3-none-any.whl.metadata (22 kB)
Collecting jaxlib<=0.4.33,>=0.4.33 (from jax>=0.3.15->tensorflow-intel==2.12.0->tensorflow==2.12.0)
  Using cached jaxlib-0.4.33-cp311-cp311-win_amd64.whl.metadata (1.0 kB)
Collecting jax>=0.3.15 (from tensorflow-intel==2.12.0->tensorflow==2.12.0)
  Using cached jax-0.4.31-py3-none-any.whl.metadata (22 kB)
Collecting jaxlib<=0.4.31,>=0.4.30 (from jax>=0.3.15->tensorflow-intel==2.12.0->tensorflow==2.12.0)
  Using cached jaxlib-0.4.31-cp311-cp311-win_amd64.whl.metadata (1.0 kB)
Collecting jax>=0.3.15 (from tensorflow-intel==2.12.0->tensorflow==2.12.0)
  Using cached jax-0.4.30-py3-none-any.whl.metadata (22 kB)
Collecting jaxlib<=0.4.30,>=0.4.27 (from jax>=0.3.15->tensorflow-intel==2.12.0->tensorflow==2.12.0)
  Using cached jaxlib-0.4.30-cp311-cp311-win_amd64.whl.metadata (1.1 kB)
Requirement already satisfied: contourpy>=1.0.1 in c:\users\user\appdata\local\programs\python\python311\lib\site-packages (from matplotlib>=3.2.2->ultralytics==8.0.100) (1.3.3)
Requirement already satisfied: cycler>=0.10 in c:\users\user\appdata\local\programs\python\python311\lib\site-packages (from matplotlib>=3.2.2->ultralytics==8.0.100) (0.12.1)
Requirement already satisfied: fonttools>=4.22.0 in c:\users\user\appdata\local\programs\python\python311\lib\site-packages (from matplotlib>=3.2.2->ultralytics==8.0.100) (4.60.1)
Requirement already satisfied: kiwisolver>=1.3.1 in c:\users\user\appdata\local\programs\python\python311\lib\site-packages (from matplotlib>=3.2.2->ultralytics==8.0.100) (1.4.9)
Requirement already satisfied: pyparsing>=3 in c:\users\user\appdata\local\programs\python\python311\lib\site-packages (from matplotlib>=3.2.2->ultralytics==8.0.100) (3.2.5)
Requirement already satisfied: python-dateutil>=2.7 in c:\users\user\appdata\local\programs\python\python311\lib\site-packages (from matplotlib>=3.2.2->ultralytics==8.0.100) (2.9.0.post0)
INFO: pip is looking at multiple versions of contourpy to determine which version is compatible with other requirements. This could take a while.
Collecting contourpy>=1.0.1 (from matplotlib>=3.2.2->ultralytics==8.0.100)
  Using cached contourpy-1.3.2-cp311-cp311-win_amd64.whl.metadata (5.5 kB)
Requirement already satisfied: pytz>=2020.1 in c:\users\user\appdata\local\programs\python\python311\lib\site-packages (from pandas>=1.1.4->ultralytics==8.0.100) (2025.2)
Requirement already satisfied: tzdata>=2022.7 in c:\users\user\appdata\local\programs\python\python311\lib\site-packages (from pandas>=1.1.4->ultralytics==8.0.100) (2025.2)
Collecting oauthlib>=3.0.0 (from requests-oauthlib>=0.7.0->google-auth-oauthlib<1.1,>=0.5->tensorboard<2.13,>=2.12->tensorflow-intel==2.12.0->tensorflow==2.12.0)
  Using cached oauthlib-3.3.1-py3-none-any.whl.metadata (7.9 kB)
INFO: pip is looking at multiple versions of scipy to determine which version is compatible with other requirements. This could take a while.
Collecting scipy>=1.4.1 (from ultralytics==8.0.100)
  Using cached scipy-1.16.3-cp311-cp311-win_amd64.whl.metadata (60 kB)
  Using cached scipy-1.16.1-cp311-cp311-win_amd64.whl.metadata (60 kB)
  Using cached scipy-1.16.0-cp311-cp311-win_amd64.whl.metadata (60 kB)
  Using cached scipy-1.15.3-cp311-cp311-win_amd64.whl.metadata (60 kB)
Requirement already satisfied: colorama in c:\users\user\appdata\local\programs\python\python311\lib\site-packages (from tqdm>=4.64.0->ultralytics==8.0.100) (0.4.6)
Requirement already satisfied: MarkupSafe>=2.1.1 in c:\users\user\appdata\local\programs\python\python311\lib\site-packages (from werkzeug>=1.0.1->tensorboard<2.13,>=2.12->tensorflow-intel==2.12.0->tensorflow==2.12.0) (3.0.3)
Collecting mpmath<1.4,>=1.1.0 (from sympy->torch==2.0.1)
  Using cached mpmath-1.3.0-py3-none-any.whl.metadata (8.6 kB)
Using cached tensorflow-2.12.0-cp311-cp311-win_amd64.whl (1.9 kB)
Downloading torch-2.0.1-cp311-cp311-win_amd64.whl (172.3 MB)
